<?xml version="1.0" encoding="UTF-8"?>
<!-- Generated by org.testng.reporters.JUnitXMLReporter -->
<testsuite hostname="idea-PC" ignored="2" name="Basic Test Case for Framework" tests="2" failures="0" timestamp="03 Mar 2018 02:14:10 GMT" time="12.587" errors="0">
  <testcase name="launchTestAutomationGuruTest" time="4.668" classname="com.testautomation.tests.GoogleTest"/>
  <testcase name="launchTestAutomationGuruTest" time="1.131" classname="com.testautomation.tests.GoogleTest2"/>
  <testcase name="@AfterTest afterMethod" time="0.0" classname="com.testautomation.supertest.SuperTestConfig">
    <ignored/>
  </testcase> <!-- @AfterTest afterMethod -->
  <testcase name="@BeforeTest beforeTest" time="0.0" classname="com.testautomation.supertest.SuperTestConfig">
    <ignored/>
  </testcase> <!-- @BeforeTest beforeTest -->
</testsuite> <!-- Basic Test Case for Framework -->
